nodes=4 ntasks=4 threads-per-node=16
+ export BMARK_STRING=sphot.16
+ BMARK_STRING=sphot.16
++ date +%Y_%m_%d_%H_%M_%S_%N
+ name=2012_06_15_15_50_27_597316014
+ mkdir 2012_06_15_15_50_27_597316014
+ cd 2012_06_15_15_50_27_597316014
+ env
+ hostname
+ echo 2012_06_15_15_50_27_597316014
+ uname -a
+ grep MHz
+ srun --nodes=1 --ntasks=1 -ppbatch cat /proc/cpuinfo
+ echo 'threads-per-node: 16'
+ echo 'nodes: 4'
+ echo 4
4
+ echo 2012_06_15_15_50_27_597316014
2012_06_15_15_50_27_597316014
+ cp ../../input.dat ./input.dat
+ cp ../../opac.txt ./opac.txt
+ export OMP_NUM_THREADS=16
+ OMP_NUM_THREADS=16
+ srun --nodes=4 --ntasks=4 -ppbatch -e sphot.err -o out.dat --auto-affinity=start=0,verbose,cpt=1 ../sphotCL.sh 4
nodes=4 ntasks=4 threads-per-node=8
+ export BMARK_STRING=sphot.8
+ BMARK_STRING=sphot.8
++ date +%Y_%m_%d_%H_%M_%S_%N
+ name=2012_06_15_15_50_31_598847401
+ mkdir 2012_06_15_15_50_31_598847401
+ cd 2012_06_15_15_50_31_598847401
+ env
+ hostname
+ echo 2012_06_15_15_50_31_598847401
+ uname -a
+ grep MHz
+ srun --nodes=1 --ntasks=1 -ppbatch cat /proc/cpuinfo
+ echo 'threads-per-node: 8'
+ echo 'nodes: 4'
+ echo 4
4
+ echo 2012_06_15_15_50_31_598847401
2012_06_15_15_50_31_598847401
+ cp ../../input.dat ./input.dat
+ cp ../../opac.txt ./opac.txt
+ export OMP_NUM_THREADS=8
+ OMP_NUM_THREADS=8
+ srun --nodes=4 --ntasks=4 -ppbatch -e sphot.err -o out.dat --auto-affinity=start=0,verbose,cpt=1 ../sphotCL.sh 4
